<?xml version="1.0" encoding="UTF-8"?>
<!-- Generated by org.testng.reporters.JUnitReportReporter -->
<testsuite hostname="DESKTOP-J0C4B0O" failures="0" tests="4" name="com.sauceDemo.TestCases.ValidLoginTest" time="18.686" errors="0" timestamp="2024-07-15T17:32:01 EDT" skipped="0">
  <testcase classname="com.sauceDemo.TestCases.ValidLoginTest" name="loginWithValidCredentials" time="3.459"/>
  <testcase classname="com.sauceDemo.TestCases.ValidLoginTest" name="loginWithSecondUsername" time="3.183"/>
  <testcase classname="com.sauceDemo.TestCases.ValidLoginTest" name="loginWithThirduserName" time="3.578"/>
  <testcase classname="com.sauceDemo.TestCases.ValidLoginTest" name="loginWithForthuserName" time="8.466"/>
</testsuite> <!-- com.sauceDemo.TestCases.ValidLoginTest -->
